Problem:    trabalho
Rows:       623
Columns:    326 (85 integer, 85 binary)
Non-zeros:  2097
Status:     INTEGER OPTIMAL
Objective:  Total_Cost = 357 (MINimum)

   No.   Row name        Activity     Lower bound   Upper bound
------ ------------    ------------- ------------- -------------
     1 Total_Cost                357                             
     2 c2a[1]                      0            -0             = 
     3 c2a[2]                      0            -0             = 
     4 c2b[1]                      1             1             = 
     5 c2b[2]                      1             1             = 
     6 c2b[3]                      1             1             = 
     7 c2b[4]                      1             1             = 
     8 c2c[1]                      0            -0               
     9 c2c[2]                      0            -0               
    10 c2c[3]                      0            -0               
    11 c2c[4]                      0            -0               
    12 c2d[1,1,1]                  0            -0             = 
    13 c2d[1,1,2]                  0            -0             = 
    14 c2d[1,1,3]                  0            -0             = 
    15 c2d[2,1,1]                  0            -0             = 
    16 c2d[2,1,2]                  0            -0             = 
    17 c2d[2,1,3]                  0            -0             = 
    18 c2d[3,1,1]                  0            -0             = 
    19 c2d[3,1,2]                  0            -0             = 
    20 c2d[3,1,3]                  0            -0             = 
    21 c2d[4,1,1]                  0            -0             = 
    22 c2d[4,1,2]                  0            -0             = 
    23 c2d[4,1,3]                  0            -0             = 
    24 c2d[0,1,1]                  0            -0             = 
    25 c2d[0,1,2]                  0            -0             = 
    26 c2d[0,1,3]                  0            -0             = 
    27 c2f[1,1,1]                  0            -0             = 
    28 c2f[1,1,2]                  0            -0             = 
    29 c2f[1,1,3]                  0            -0             = 
    30 c2f[2,1,1]                  0            -0             = 
    31 c2f[2,1,2]                  0            -0             = 
    32 c2f[2,1,3]                  0            -0             = 
    33 c2f[3,1,1]                  0            -0             = 
    34 c2f[3,1,2]                  0            -0             = 
    35 c2f[3,1,3]                  0            -0             = 
    36 c2f[4,1,1]                  0            -0             = 
    37 c2f[4,1,2]                  0            -0             = 
    38 c2f[4,1,3]                  0            -0             = 
    39 c2f[0,1,1]                  0            -0             = 
    40 c2f[0,1,2]                  0            -0             = 
    41 c2f[0,1,3]                  0            -0             = 
    42 c2g[1,1]                    1                           1 
    43 c2g[1,2]                    0                           1 
    44 c2g[1,3]                    1                           1 
    45 c2h[1,1]                   74                         120 
    46 c2h[1,2]                    0                         120 
    47 c2h[1,3]                   83                         120 
    48 c2i[1,1,1,1]                0                          -0 
    49 c2i[1,1,1,2]                0                          -0 
    50 c2i[1,1,1,3]                0                          -0 
    51 c2i[1,2,1,1]                0                          -0 
    52 c2i[1,2,1,2]                0                          -0 
    53 c2i[1,2,1,3]                0                          -0 
    54 c2i[1,3,1,1]                0                          -0 
    55 c2i[1,3,1,2]                0                          -0 
    56 c2i[1,3,1,3]                0                          -0 
    57 c2i[1,4,1,1]                0                          -0 
    58 c2i[1,4,1,2]                0                          -0 
    59 c2i[1,4,1,3]                0                          -0 
    60 c2i[1,0,1,1]                0                          -0 
    61 c2i[1,0,1,2]                0                          -0 
    62 c2i[1,0,1,3]                0                          -0 
    63 c2i[2,1,1,1]                0                          -0 
    64 c2i[2,1,1,2]                0                          -0 
    65 c2i[2,1,1,3]                0                          -0 
    66 c2i[2,2,1,1]                0                          -0 
    67 c2i[2,2,1,2]                0                          -0 
    68 c2i[2,2,1,3]                0                          -0 
    69 c2i[2,3,1,1]                0                          -0 
    70 c2i[2,3,1,2]                0                          -0 
    71 c2i[2,3,1,3]                0                          -0 
    72 c2i[2,4,1,1]              -92                          -0 
    73 c2i[2,4,1,2]                0                          -0 
    74 c2i[2,4,1,3]              -80                          -0 
    75 c2i[2,0,1,1]                0                          -0 
    76 c2i[2,0,1,2]                0                          -0 
    77 c2i[2,0,1,3]                0                          -0 
    78 c2i[3,1,1,1]                0                          -0 
    79 c2i[3,1,1,2]                0                          -0 
    80 c2i[3,1,1,3]              -20                          -0 
    81 c2i[3,2,1,1]                0                          -0 
    82 c2i[3,2,1,2]                0                          -0 
    83 c2i[3,2,1,3]                0                          -0 
    84 c2i[3,3,1,1]                0                          -0 
    85 c2i[3,3,1,2]                0                          -0 
    86 c2i[3,3,1,3]                0                          -0 
    87 c2i[3,4,1,1]                0                          -0 
    88 c2i[3,4,1,2]                0                          -0 
    89 c2i[3,4,1,3]                0                          -0 
    90 c2i[3,0,1,1]                0                          -0 
    91 c2i[3,0,1,2]                0                          -0 
    92 c2i[3,0,1,3]                0                          -0 
    93 c2i[4,1,1,1]                0                          -0 
    94 c2i[4,1,1,2]                0                          -0 
    95 c2i[4,1,1,3]                0                          -0 
    96 c2i[4,2,1,1]                0                          -0 
    97 c2i[4,2,1,2]                0                          -0 
    98 c2i[4,2,1,3]                0                          -0 
    99 c2i[4,3,1,1]                0                          -0 
   100 c2i[4,3,1,2]                0                          -0 
   101 c2i[4,3,1,3]              -40                          -0 
   102 c2i[4,4,1,1]                0                          -0 
   103 c2i[4,4,1,2]                0                          -0 
   104 c2i[4,4,1,3]                0                          -0 
   105 c2i[4,0,1,1]              -85                          -0 
   106 c2i[4,0,1,2]                0                          -0 
   107 c2i[4,0,1,3]                0                          -0 
   108 c2i[0,1,1,1]                0                          -0 
   109 c2i[0,1,1,2]                0                          -0 
   110 c2i[0,1,1,3]                0                          -0 
   111 c2i[0,2,1,1]             -100                          -0 
   112 c2i[0,2,1,2]                0                          -0 
   113 c2i[0,2,1,3]             -100                          -0 
   114 c2i[0,3,1,1]                0                          -0 
   115 c2i[0,3,1,2]                0                          -0 
   116 c2i[0,3,1,3]                0                          -0 
   117 c2i[0,4,1,1]                0                          -0 
   118 c2i[0,4,1,2]                0                          -0 
   119 c2i[0,4,1,3]                0                          -0 
   120 c2i[0,0,1,1]                0                          -0 
   121 c2i[0,0,1,2]                0                          -0 
   122 c2i[0,0,1,3]                0                          -0 
   123 c2j[1,1,1]                  5                         100 
   124 c2j[1,1,2]                 15                         100 
   125 c2j[1,1,3]                100                         100 
   126 c2j[2,1,1]                100                         100 
   127 c2j[2,1,2]                 12                         100 
   128 c2j[2,1,3]                100                         100 
   129 c2j[3,1,1]                  6                         100 
   130 c2j[3,1,2]                 14                         100 
   131 c2j[3,1,3]                100                         100 
   132 c2j[4,1,1]                100                         100 
   133 c2j[4,1,2]                 13                         100 
   134 c2j[4,1,3]                 80                         100 
   135 c2m[1,1]                  -15                          -0 
   136 c2m[1,2]                   -5                          -0 
   137 c2m[1,3]                    0                          -0 
   138 c2m[2,1]                  -12                          -0 
   139 c2m[2,2]                   -8                          -0 
   140 c2m[2,3]                    0                          -0 
   141 c2m[3,1]                  -14                          -0 
   142 c2m[3,2]                   -6                          -0 
   143 c2m[3,3]                    0                          -0 
   144 c2m[4,1]                  -13                          -0 
   145 c2m[4,2]                   -7                          -0 
   146 c2m[4,3]                    0                          -0 
   147 waste_accum_interm[1,2]
                                  10             5               
   148 waste_accum_interm[1,3]
                                   5             5               
   149 waste_accum_interm[2,2]
                                  54             8               
   150 waste_accum_interm[2,3]
                                   8             8               
   151 waste_accum_interm[3,2]
                                   8             6               
   152 waste_accum_interm[3,3]
                                   6             6               
   153 waste_accum_interm[4,2]
                                  56             7               
   154 waste_accum_interm[4,3]
                                   7             7               
   155 waste_accum_first[1]
                                  35             5               
   156 waste_accum_first[2]
                                  38             8               
   157 waste_accum_first[3]
                                  36             6               
   158 waste_accum_first[4]
                                  37             7               
   159 waste_minimum[1,1]
                                   5             5               
   160 waste_minimum[1,2]
                                  15             5               
   161 waste_minimum[1,3]
                                  20             5               
   162 waste_minimum[2,1]
                                   8             8               
   163 waste_minimum[2,2]
                                  12             8               
   164 waste_minimum[2,3]
                                  20             8               
   165 waste_minimum[3,1]
                                   6             6               
   166 waste_minimum[3,2]
                                  14             6               
   167 waste_minimum[3,3]
                                  20             6               
   168 waste_minimum[4,1]
                                   7             7               
   169 waste_minimum[4,2]
                                  13             7               
   170 waste_minimum[4,3]
                                  20             7               
   171 c4a[1,1,1,1,1]
                                  -1                          -0 
   172 c4a[1,1,1,1,2]
                                  -1                          -0 
   173 c4a[1,1,1,1,3]
                                  -1                          -0 
   174 c4a[1,1,2,1,1]
                                   0                          -0 
   175 c4a[1,1,2,1,2]
                                   0                          -0 
   176 c4a[1,1,2,1,3]
                                   0                          -0 
   177 c4a[1,2,1,1,1]
                                  -1                          -0 
   178 c4a[1,2,1,1,2]
                                  -1                          -0 
   179 c4a[1,2,1,1,3]
                                  -1                          -0 
   180 c4a[1,2,2,1,1]
                                   0                          -0 
   181 c4a[1,2,2,1,2]
                                   0                          -0 
   182 c4a[1,2,2,1,3]
                                   0                          -0 
   183 c4a[1,3,1,1,1]
                                  -1                          -0 
   184 c4a[1,3,1,1,2]
                                  -1                          -0 
   185 c4a[1,3,1,1,3]
                                  -1                          -0 
   186 c4a[1,3,2,1,1]
                                   0                          -0 
   187 c4a[1,3,2,1,2]
                                   0                          -0 
   188 c4a[1,3,2,1,3]
                                   0                          -0 
   189 c4a[1,4,1,1,1]
                                  -1                          -0 
   190 c4a[1,4,1,1,2]
                                  -1                          -0 
   191 c4a[1,4,1,1,3]
                                  -1                          -0 
   192 c4a[1,4,2,1,1]
                                   0                          -0 
   193 c4a[1,4,2,1,2]
                                   0                          -0 
   194 c4a[1,4,2,1,3]
                                   0                          -0 
   195 c4a[1,0,1,1,1]
                                   0                          -0 
   196 c4a[1,0,1,1,2]
                                   0                          -0 
   197 c4a[1,0,1,1,3]
                                   0                          -0 
   198 c4a[1,0,2,1,1]
                                   0                          -0 
   199 c4a[1,0,2,1,2]
                                   0                          -0 
   200 c4a[1,0,2,1,3]
                                   0                          -0 
   201 c4a[2,1,1,1,1]
                                  -1                          -0 
   202 c4a[2,1,1,1,2]
                                  -1                          -0 
   203 c4a[2,1,1,1,3]
                                  -1                          -0 
   204 c4a[2,1,2,1,1]
                                   0                          -0 
   205 c4a[2,1,2,1,2]
                                   0                          -0 
   206 c4a[2,1,2,1,3]
                                   0                          -0 
   207 c4a[2,2,1,1,1]
                                  -1                          -0 
   208 c4a[2,2,1,1,2]
                                  -1                          -0 
   209 c4a[2,2,1,1,3]
                                  -1                          -0 
   210 c4a[2,2,2,1,1]
                                   0                          -0 
   211 c4a[2,2,2,1,2]
                                   0                          -0 
   212 c4a[2,2,2,1,3]
                                   0                          -0 
   213 c4a[2,3,1,1,1]
                                  -1                          -0 
   214 c4a[2,3,1,1,2]
                                  -1                          -0 
   215 c4a[2,3,1,1,3]
                                  -1                          -0 
   216 c4a[2,3,2,1,1]
                                   0                          -0 
   217 c4a[2,3,2,1,2]
                                   0                          -0 
   218 c4a[2,3,2,1,3]
                                   0                          -0 
   219 c4a[2,4,1,1,1]
                                   0                          -0 
   220 c4a[2,4,1,1,2]
                                  -1                          -0 
   221 c4a[2,4,1,1,3]
                                   0                          -0 
   222 c4a[2,4,2,1,1]
                                   0                          -0 
   223 c4a[2,4,2,1,2]
                                   0                          -0 
   224 c4a[2,4,2,1,3]
                                   0                          -0 
   225 c4a[2,0,1,1,1]
                                   0                          -0 
   226 c4a[2,0,1,1,2]
                                   0                          -0 
   227 c4a[2,0,1,1,3]
                                   0                          -0 
   228 c4a[2,0,2,1,1]
                                   0                          -0 
   229 c4a[2,0,2,1,2]
                                   0                          -0 
   230 c4a[2,0,2,1,3]
                                   0                          -0 
   231 c4a[3,1,1,1,1]
                                  -1                          -0 
   232 c4a[3,1,1,1,2]
                                  -1                          -0 
   233 c4a[3,1,1,1,3]
                                   0                          -0 
   234 c4a[3,1,2,1,1]
                                   0                          -0 
   235 c4a[3,1,2,1,2]
                                   0                          -0 
   236 c4a[3,1,2,1,3]
                                   0                          -0 
   237 c4a[3,2,1,1,1]
                                  -1                          -0 
   238 c4a[3,2,1,1,2]
                                  -1                          -0 
   239 c4a[3,2,1,1,3]
                                  -1                          -0 
   240 c4a[3,2,2,1,1]
                                   0                          -0 
   241 c4a[3,2,2,1,2]
                                   0                          -0 
   242 c4a[3,2,2,1,3]
                                   0                          -0 
   243 c4a[3,3,1,1,1]
                                  -1                          -0 
   244 c4a[3,3,1,1,2]
                                  -1                          -0 
   245 c4a[3,3,1,1,3]
                                  -1                          -0 
   246 c4a[3,3,2,1,1]
                                   0                          -0 
   247 c4a[3,3,2,1,2]
                                   0                          -0 
   248 c4a[3,3,2,1,3]
                                   0                          -0 
   249 c4a[3,4,1,1,1]
                                  -1                          -0 
   250 c4a[3,4,1,1,2]
                                  -1                          -0 
   251 c4a[3,4,1,1,3]
                                  -1                          -0 
   252 c4a[3,4,2,1,1]
                                   0                          -0 
   253 c4a[3,4,2,1,2]
                                   0                          -0 
   254 c4a[3,4,2,1,3]
                                   0                          -0 
   255 c4a[3,0,1,1,1]
                                   0                          -0 
   256 c4a[3,0,1,1,2]
                                   0                          -0 
   257 c4a[3,0,1,1,3]
                                   0                          -0 
   258 c4a[3,0,2,1,1]
                                   0                          -0 
   259 c4a[3,0,2,1,2]
                                   0                          -0 
   260 c4a[3,0,2,1,3]
                                   0                          -0 
   261 c4a[4,1,1,1,1]
                                  -1                          -0 
   262 c4a[4,1,1,1,2]
                                  -1                          -0 
   263 c4a[4,1,1,1,3]
                                  -1                          -0 
   264 c4a[4,1,2,1,1]
                                   0                          -0 
   265 c4a[4,1,2,1,2]
                                   0                          -0 
   266 c4a[4,1,2,1,3]
                                   0                          -0 
   267 c4a[4,2,1,1,1]
                                  -1                          -0 
   268 c4a[4,2,1,1,2]
                                  -1                          -0 
   269 c4a[4,2,1,1,3]
                                  -1                          -0 
   270 c4a[4,2,2,1,1]
                                   0                          -0 
   271 c4a[4,2,2,1,2]
                                   0                          -0 
   272 c4a[4,2,2,1,3]
                                   0                          -0 
   273 c4a[4,3,1,1,1]
                                  -1                          -0 
   274 c4a[4,3,1,1,2]
                                  -1                          -0 
   275 c4a[4,3,1,1,3]
                                   0                          -0 
   276 c4a[4,3,2,1,1]
                                   0                          -0 
   277 c4a[4,3,2,1,2]
                                   0                          -0 
   278 c4a[4,3,2,1,3]
                                   0                          -0 
   279 c4a[4,4,1,1,1]
                                  -1                          -0 
   280 c4a[4,4,1,1,2]
                                  -1                          -0 
   281 c4a[4,4,1,1,3]
                                  -1                          -0 
   282 c4a[4,4,2,1,1]
                                   0                          -0 
   283 c4a[4,4,2,1,2]
                                   0                          -0 
   284 c4a[4,4,2,1,3]
                                   0                          -0 
   285 c4a[4,0,1,1,1]
                                   0                          -0 
   286 c4a[4,0,1,1,2]
                                   0                          -0 
   287 c4a[4,0,1,1,3]
                                   0                          -0 
   288 c4a[4,0,2,1,1]
                                   0                          -0 
   289 c4a[4,0,2,1,2]
                                   0                          -0 
   290 c4a[4,0,2,1,3]
                                   0                          -0 
   291 c4a[0,1,1,1,1]
                                  -1                          -0 
   292 c4a[0,1,1,1,2]
                                  -1                          -0 
   293 c4a[0,1,1,1,3]
                                  -1                          -0 
   294 c4a[0,1,2,1,1]
                                   0                          -0 
   295 c4a[0,1,2,1,2]
                                   0                          -0 
   296 c4a[0,1,2,1,3]
                                   0                          -0 
   297 c4a[0,2,1,1,1]
                                   0                          -0 
   298 c4a[0,2,1,1,2]
                                  -1                          -0 
   299 c4a[0,2,1,1,3]
                                   0                          -0 
   300 c4a[0,2,2,1,1]
                                   0                          -0 
   301 c4a[0,2,2,1,2]
                                   0                          -0 
   302 c4a[0,2,2,1,3]
                                   0                          -0 
   303 c4a[0,3,1,1,1]
                                  -1                          -0 
   304 c4a[0,3,1,1,2]
                                  -1                          -0 
   305 c4a[0,3,1,1,3]
                                  -1                          -0 
   306 c4a[0,3,2,1,1]
                                   0                          -0 
   307 c4a[0,3,2,1,2]
                                   0                          -0 
   308 c4a[0,3,2,1,3]
                                   0                          -0 
   309 c4a[0,4,1,1,1]
                                  -1                          -0 
   310 c4a[0,4,1,1,2]
                                  -1                          -0 
   311 c4a[0,4,1,1,3]
                                  -1                          -0 
   312 c4a[0,4,2,1,1]
                                   0                          -0 
   313 c4a[0,4,2,1,2]
                                   0                          -0 
   314 c4a[0,4,2,1,3]
                                   0                          -0 
   315 c4a[0,0,1,1,1]
                                   0                          -0 
   316 c4a[0,0,1,1,2]
                                   0                          -0 
   317 c4a[0,0,1,1,3]
                                   0                          -0 
   318 c4a[0,0,2,1,1]
                                   0                          -0 
   319 c4a[0,0,2,1,2]
                                   0                          -0 
   320 c4a[0,0,2,1,3]
                                   0                          -0 
   321 c4b[1,1,1,1,1]
                                   0                          -0 
   322 c4b[1,1,1,1,2]
                                   0                          -0 
   323 c4b[1,1,1,1,3]
                                   0                          -0 
   324 c4b[1,1,2,1,1]
                                   0                          -0 
   325 c4b[1,1,2,1,2]
                                   0                          -0 
   326 c4b[1,1,2,1,3]
                                   0                          -0 
   327 c4b[1,2,1,1,1]
                                   0                          -0 
   328 c4b[1,2,1,1,2]
                                   0                          -0 
   329 c4b[1,2,1,1,3]
                                   0                          -0 
   330 c4b[1,2,2,1,1]
                                   0                          -0 
   331 c4b[1,2,2,1,2]
                                   0                          -0 
   332 c4b[1,2,2,1,3]
                                   0                          -0 
   333 c4b[1,3,1,1,1]
                                   0                          -0 
   334 c4b[1,3,1,1,2]
                                   0                          -0 
   335 c4b[1,3,1,1,3]
                                   0                          -0 
   336 c4b[1,3,2,1,1]
                                   0                          -0 
   337 c4b[1,3,2,1,2]
                                   0                          -0 
   338 c4b[1,3,2,1,3]
                                   0                          -0 
   339 c4b[1,4,1,1,1]
                                   0                          -0 
   340 c4b[1,4,1,1,2]
                                   0                          -0 
   341 c4b[1,4,1,1,3]
                                   0                          -0 
   342 c4b[1,4,2,1,1]
                                   0                          -0 
   343 c4b[1,4,2,1,2]
                                   0                          -0 
   344 c4b[1,4,2,1,3]
                                   0                          -0 
   345 c4b[1,0,1,1,1]
                                   0                          -0 
   346 c4b[1,0,1,1,2]
                                   0                          -0 
   347 c4b[1,0,1,1,3]
                                  -1                          -0 
   348 c4b[1,0,2,1,1]
                                   0                          -0 
   349 c4b[1,0,2,1,2]
                                   0                          -0 
   350 c4b[1,0,2,1,3]
                                  -1                          -0 
   351 c4b[2,1,1,1,1]
                                   0                          -0 
   352 c4b[2,1,1,1,2]
                                   0                          -0 
   353 c4b[2,1,1,1,3]
                                   0                          -0 
   354 c4b[2,1,2,1,1]
                                   0                          -0 
   355 c4b[2,1,2,1,2]
                                   0                          -0 
   356 c4b[2,1,2,1,3]
                                   0                          -0 
   357 c4b[2,2,1,1,1]
                                   0                          -0 
   358 c4b[2,2,1,1,2]
                                   0                          -0 
   359 c4b[2,2,1,1,3]
                                   0                          -0 
   360 c4b[2,2,2,1,1]
                                   0                          -0 
   361 c4b[2,2,2,1,2]
                                   0                          -0 
   362 c4b[2,2,2,1,3]
                                   0                          -0 
   363 c4b[2,3,1,1,1]
                                   0                          -0 
   364 c4b[2,3,1,1,2]
                                   0                          -0 
   365 c4b[2,3,1,1,3]
                                   0                          -0 
   366 c4b[2,3,2,1,1]
                                   0                          -0 
   367 c4b[2,3,2,1,2]
                                   0                          -0 
   368 c4b[2,3,2,1,3]
                                   0                          -0 
   369 c4b[2,4,1,1,1]
                                   0                          -0 
   370 c4b[2,4,1,1,2]
                                   0                          -0 
   371 c4b[2,4,1,1,3]
                                   0                          -0 
   372 c4b[2,4,2,1,1]
                                  -1                          -0 
   373 c4b[2,4,2,1,2]
                                   0                          -0 
   374 c4b[2,4,2,1,3]
                                  -1                          -0 
   375 c4b[2,0,1,1,1]
                                   0                          -0 
   376 c4b[2,0,1,1,2]
                                   0                          -0 
   377 c4b[2,0,1,1,3]
                                   0                          -0 
   378 c4b[2,0,2,1,1]
                                   0                          -0 
   379 c4b[2,0,2,1,2]
                                   0                          -0 
   380 c4b[2,0,2,1,3]
                                   0                          -0 
   381 c4b[3,1,1,1,1]
                                   0                          -0 
   382 c4b[3,1,1,1,2]
                                   0                          -0 
   383 c4b[3,1,1,1,3]
                                   0                          -0 
   384 c4b[3,1,2,1,1]
                                   0                          -0 
   385 c4b[3,1,2,1,2]
                                   0                          -0 
   386 c4b[3,1,2,1,3]
                                  -1                          -0 
   387 c4b[3,2,1,1,1]
                                   0                          -0 
   388 c4b[3,2,1,1,2]
                                   0                          -0 
   389 c4b[3,2,1,1,3]
                                   0                          -0 
   390 c4b[3,2,2,1,1]
                                   0                          -0 
   391 c4b[3,2,2,1,2]
                                   0                          -0 
   392 c4b[3,2,2,1,3]
                                   0                          -0 
   393 c4b[3,3,1,1,1]
                                   0                          -0 
   394 c4b[3,3,1,1,2]
                                   0                          -0 
   395 c4b[3,3,1,1,3]
                                   0                          -0 
   396 c4b[3,3,2,1,1]
                                   0                          -0 
   397 c4b[3,3,2,1,2]
                                   0                          -0 
   398 c4b[3,3,2,1,3]
                                   0                          -0 
   399 c4b[3,4,1,1,1]
                                   0                          -0 
   400 c4b[3,4,1,1,2]
                                   0                          -0 
   401 c4b[3,4,1,1,3]
                                   0                          -0 
   402 c4b[3,4,2,1,1]
                                   0                          -0 
   403 c4b[3,4,2,1,2]
                                   0                          -0 
   404 c4b[3,4,2,1,3]
                                   0                          -0 
   405 c4b[3,0,1,1,1]
                                   0                          -0 
   406 c4b[3,0,1,1,2]
                                   0                          -0 
   407 c4b[3,0,1,1,3]
                                   0                          -0 
   408 c4b[3,0,2,1,1]
                                   0                          -0 
   409 c4b[3,0,2,1,2]
                                   0                          -0 
   410 c4b[3,0,2,1,3]
                                   0                          -0 
   411 c4b[4,1,1,1,1]
                                   0                          -0 
   412 c4b[4,1,1,1,2]
                                   0                          -0 
   413 c4b[4,1,1,1,3]
                                   0                          -0 
   414 c4b[4,1,2,1,1]
                                   0                          -0 
   415 c4b[4,1,2,1,2]
                                   0                          -0 
   416 c4b[4,1,2,1,3]
                                   0                          -0 
   417 c4b[4,2,1,1,1]
                                   0                          -0 
   418 c4b[4,2,1,1,2]
                                   0                          -0 
   419 c4b[4,2,1,1,3]
                                   0                          -0 
   420 c4b[4,2,2,1,1]
                                   0                          -0 
   421 c4b[4,2,2,1,2]
                                   0                          -0 
   422 c4b[4,2,2,1,3]
                                   0                          -0 
   423 c4b[4,3,1,1,1]
                                   0                          -0 
   424 c4b[4,3,1,1,2]
                                   0                          -0 
   425 c4b[4,3,1,1,3]
                                   0                          -0 
   426 c4b[4,3,2,1,1]
                                   0                          -0 
   427 c4b[4,3,2,1,2]
                                   0                          -0 
   428 c4b[4,3,2,1,3]
                                  -1                          -0 
   429 c4b[4,4,1,1,1]
                                   0                          -0 
   430 c4b[4,4,1,1,2]
                                   0                          -0 
   431 c4b[4,4,1,1,3]
                                   0                          -0 
   432 c4b[4,4,2,1,1]
                                   0                          -0 
   433 c4b[4,4,2,1,2]
                                   0                          -0 
   434 c4b[4,4,2,1,3]
                                   0                          -0 
   435 c4b[4,0,1,1,1]
                                  -1                          -0 
   436 c4b[4,0,1,1,2]
                                   0                          -0 
   437 c4b[4,0,1,1,3]
                                   0                          -0 
   438 c4b[4,0,2,1,1]
                                  -1                          -0 
   439 c4b[4,0,2,1,2]
                                   0                          -0 
   440 c4b[4,0,2,1,3]
                                   0                          -0 
   441 c4b[0,1,1,1,1]
                                   0                          -0 
   442 c4b[0,1,1,1,2]
                                   0                          -0 
   443 c4b[0,1,1,1,3]
                                   0                          -0 
   444 c4b[0,1,2,1,1]
                                   0                          -0 
   445 c4b[0,1,2,1,2]
                                   0                          -0 
   446 c4b[0,1,2,1,3]
                                   0                          -0 
   447 c4b[0,2,1,1,1]
                                   0                          -0 
   448 c4b[0,2,1,1,2]
                                   0                          -0 
   449 c4b[0,2,1,1,3]
                                   0                          -0 
   450 c4b[0,2,2,1,1]
                                  -1                          -0 
   451 c4b[0,2,2,1,2]
                                   0                          -0 
   452 c4b[0,2,2,1,3]
                                  -1                          -0 
   453 c4b[0,3,1,1,1]
                                   0                          -0 
   454 c4b[0,3,1,1,2]
                                   0                          -0 
   455 c4b[0,3,1,1,3]
                                   0                          -0 
   456 c4b[0,3,2,1,1]
                                   0                          -0 
   457 c4b[0,3,2,1,2]
                                   0                          -0 
   458 c4b[0,3,2,1,3]
                                   0                          -0 
   459 c4b[0,4,1,1,1]
                                   0                          -0 
   460 c4b[0,4,1,1,2]
                                   0                          -0 
   461 c4b[0,4,1,1,3]
                                   0                          -0 
   462 c4b[0,4,2,1,1]
                                   0                          -0 
   463 c4b[0,4,2,1,2]
                                   0                          -0 
   464 c4b[0,4,2,1,3]
                                   0                          -0 
   465 c4b[0,0,1,1,1]
                                   0                          -0 
   466 c4b[0,0,1,1,2]
                                   0                          -0 
   467 c4b[0,0,1,1,3]
                                   0                          -0 
   468 c4b[0,0,2,1,1]
                                   0                          -0 
   469 c4b[0,0,2,1,2]
                                   0                          -0 
   470 c4b[0,0,2,1,3]
                                   0                          -0 
   471 c4c[1,1,1,1,1]
                                  -1            -1               
   472 c4c[1,1,1,1,2]
                                  -1            -1               
   473 c4c[1,1,1,1,3]
                                  -1            -1               
   474 c4c[1,1,2,1,1]
                                   0            -1               
   475 c4c[1,1,2,1,2]
                                   0            -1               
   476 c4c[1,1,2,1,3]
                                   0            -1               
   477 c4c[1,2,1,1,1]
                                  -1            -1               
   478 c4c[1,2,1,1,2]
                                  -1            -1               
   479 c4c[1,2,1,1,3]
                                  -1            -1               
   480 c4c[1,2,2,1,1]
                                   0            -1               
   481 c4c[1,2,2,1,2]
                                   0            -1               
   482 c4c[1,2,2,1,3]
                                   0            -1               
   483 c4c[1,3,1,1,1]
                                  -1            -1               
   484 c4c[1,3,1,1,2]
                                  -1            -1               
   485 c4c[1,3,1,1,3]
                                  -1            -1               
   486 c4c[1,3,2,1,1]
                                   0            -1               
   487 c4c[1,3,2,1,2]
                                   0            -1               
   488 c4c[1,3,2,1,3]
                                   0            -1               
   489 c4c[1,4,1,1,1]
                                  -1            -1               
   490 c4c[1,4,1,1,2]
                                  -1            -1               
   491 c4c[1,4,1,1,3]
                                  -1            -1               
   492 c4c[1,4,2,1,1]
                                   0            -1               
   493 c4c[1,4,2,1,2]
                                   0            -1               
   494 c4c[1,4,2,1,3]
                                   0            -1               
   495 c4c[1,0,1,1,1]
                                   0            -1               
   496 c4c[1,0,1,1,2]
                                   0            -1               
   497 c4c[1,0,1,1,3]
                                  -1            -1               
   498 c4c[1,0,2,1,1]
                                   0            -1               
   499 c4c[1,0,2,1,2]
                                   0            -1               
   500 c4c[1,0,2,1,3]
                                  -1            -1               
   501 c4c[2,1,1,1,1]
                                  -1            -1               
   502 c4c[2,1,1,1,2]
                                  -1            -1               
   503 c4c[2,1,1,1,3]
                                  -1            -1               
   504 c4c[2,1,2,1,1]
                                   0            -1               
   505 c4c[2,1,2,1,2]
                                   0            -1               
   506 c4c[2,1,2,1,3]
                                   0            -1               
   507 c4c[2,2,1,1,1]
                                  -1            -1               
   508 c4c[2,2,1,1,2]
                                  -1            -1               
   509 c4c[2,2,1,1,3]
                                  -1            -1               
   510 c4c[2,2,2,1,1]
                                   0            -1               
   511 c4c[2,2,2,1,2]
                                   0            -1               
   512 c4c[2,2,2,1,3]
                                   0            -1               
   513 c4c[2,3,1,1,1]
                                  -1            -1               
   514 c4c[2,3,1,1,2]
                                  -1            -1               
   515 c4c[2,3,1,1,3]
                                  -1            -1               
   516 c4c[2,3,2,1,1]
                                   0            -1               
   517 c4c[2,3,2,1,2]
                                   0            -1               
   518 c4c[2,3,2,1,3]
                                   0            -1               
   519 c4c[2,4,1,1,1]
                                  -1            -1               
   520 c4c[2,4,1,1,2]
                                  -1            -1               
   521 c4c[2,4,1,1,3]
                                  -1            -1               
   522 c4c[2,4,2,1,1]
                                  -1            -1               
   523 c4c[2,4,2,1,2]
                                   0            -1               
   524 c4c[2,4,2,1,3]
                                  -1            -1               
   525 c4c[2,0,1,1,1]
                                   0            -1               
   526 c4c[2,0,1,1,2]
                                   0            -1               
   527 c4c[2,0,1,1,3]
                                   0            -1               
   528 c4c[2,0,2,1,1]
                                   0            -1               
   529 c4c[2,0,2,1,2]
                                   0            -1               
   530 c4c[2,0,2,1,3]
                                   0            -1               
   531 c4c[3,1,1,1,1]
                                  -1            -1               
   532 c4c[3,1,1,1,2]
                                  -1            -1               
   533 c4c[3,1,1,1,3]
                                  -1            -1               
   534 c4c[3,1,2,1,1]
                                   0            -1               
   535 c4c[3,1,2,1,2]
                                   0            -1               
   536 c4c[3,1,2,1,3]
                                  -1            -1               
   537 c4c[3,2,1,1,1]
                                  -1            -1               
   538 c4c[3,2,1,1,2]
                                  -1            -1               
   539 c4c[3,2,1,1,3]
                                  -1            -1               
   540 c4c[3,2,2,1,1]
                                   0            -1               
   541 c4c[3,2,2,1,2]
                                   0            -1               
   542 c4c[3,2,2,1,3]
                                   0            -1               
   543 c4c[3,3,1,1,1]
                                  -1            -1               
   544 c4c[3,3,1,1,2]
                                  -1            -1               
   545 c4c[3,3,1,1,3]
                                  -1            -1               
   546 c4c[3,3,2,1,1]
                                   0            -1               
   547 c4c[3,3,2,1,2]
                                   0            -1               
   548 c4c[3,3,2,1,3]
                                   0            -1               
   549 c4c[3,4,1,1,1]
                                  -1            -1               
   550 c4c[3,4,1,1,2]
                                  -1            -1               
   551 c4c[3,4,1,1,3]
                                  -1            -1               
   552 c4c[3,4,2,1,1]
                                   0            -1               
   553 c4c[3,4,2,1,2]
                                   0            -1               
   554 c4c[3,4,2,1,3]
                                   0            -1               
   555 c4c[3,0,1,1,1]
                                   0            -1               
   556 c4c[3,0,1,1,2]
                                   0            -1               
   557 c4c[3,0,1,1,3]
                                   0            -1               
   558 c4c[3,0,2,1,1]
                                   0            -1               
   559 c4c[3,0,2,1,2]
                                   0            -1               
   560 c4c[3,0,2,1,3]
                                   0            -1               
   561 c4c[4,1,1,1,1]
                                  -1            -1               
   562 c4c[4,1,1,1,2]
                                  -1            -1               
   563 c4c[4,1,1,1,3]
                                  -1            -1               
   564 c4c[4,1,2,1,1]
                                   0            -1               
   565 c4c[4,1,2,1,2]
                                   0            -1               
   566 c4c[4,1,2,1,3]
                                   0            -1               
   567 c4c[4,2,1,1,1]
                                  -1            -1               
   568 c4c[4,2,1,1,2]
                                  -1            -1               
   569 c4c[4,2,1,1,3]
                                  -1            -1               
   570 c4c[4,2,2,1,1]
                                   0            -1               
   571 c4c[4,2,2,1,2]
                                   0            -1               
   572 c4c[4,2,2,1,3]
                                   0            -1               
   573 c4c[4,3,1,1,1]
                                  -1            -1               
   574 c4c[4,3,1,1,2]
                                  -1            -1               
   575 c4c[4,3,1,1,3]
                                  -1            -1               
   576 c4c[4,3,2,1,1]
                                   0            -1               
   577 c4c[4,3,2,1,2]
                                   0            -1               
   578 c4c[4,3,2,1,3]
                                  -1            -1               
   579 c4c[4,4,1,1,1]
                                  -1            -1               
   580 c4c[4,4,1,1,2]
                                  -1            -1               
   581 c4c[4,4,1,1,3]
                                  -1            -1               
   582 c4c[4,4,2,1,1]
                                   0            -1               
   583 c4c[4,4,2,1,2]
                                   0            -1               
   584 c4c[4,4,2,1,3]
                                   0            -1               
   585 c4c[4,0,1,1,1]
                                  -1            -1               
   586 c4c[4,0,1,1,2]
                                   0            -1               
   587 c4c[4,0,1,1,3]
                                   0            -1               
   588 c4c[4,0,2,1,1]
                                  -1            -1               
   589 c4c[4,0,2,1,2]
                                   0            -1               
   590 c4c[4,0,2,1,3]
                                   0            -1               
   591 c4c[0,1,1,1,1]
                                  -1            -1               
   592 c4c[0,1,1,1,2]
                                  -1            -1               
   593 c4c[0,1,1,1,3]
                                  -1            -1               
   594 c4c[0,1,2,1,1]
                                   0            -1               
   595 c4c[0,1,2,1,2]
                                   0            -1               
   596 c4c[0,1,2,1,3]
                                   0            -1               
   597 c4c[0,2,1,1,1]
                                  -1            -1               
   598 c4c[0,2,1,1,2]
                                  -1            -1               
   599 c4c[0,2,1,1,3]
                                  -1            -1               
   600 c4c[0,2,2,1,1]
                                  -1            -1               
   601 c4c[0,2,2,1,2]
                                   0            -1               
   602 c4c[0,2,2,1,3]
                                  -1            -1               
   603 c4c[0,3,1,1,1]
                                  -1            -1               
   604 c4c[0,3,1,1,2]
                                  -1            -1               
   605 c4c[0,3,1,1,3]
                                  -1            -1               
   606 c4c[0,3,2,1,1]
                                   0            -1               
   607 c4c[0,3,2,1,2]
                                   0            -1               
   608 c4c[0,3,2,1,3]
                                   0            -1               
   609 c4c[0,4,1,1,1]
                                  -1            -1               
   610 c4c[0,4,1,1,2]
                                  -1            -1               
   611 c4c[0,4,1,1,3]
                                  -1            -1               
   612 c4c[0,4,2,1,1]
                                   0            -1               
   613 c4c[0,4,2,1,2]
                                   0            -1               
   614 c4c[0,4,2,1,3]
                                   0            -1               
   615 c4c[0,0,1,1,1]
                                   0            -1               
   616 c4c[0,0,1,1,2]
                                   0            -1               
   617 c4c[0,0,1,1,3]
                                   0            -1               
   618 c4c[0,0,2,1,1]
                                   0            -1               
   619 c4c[0,0,2,1,2]
                                   0            -1               
   620 c4c[0,0,2,1,3]
                                   0            -1               
   621 c6b[1,1]                    0            -0             = 
   622 c6b[1,2]                    0            -0             = 
   623 c6b[1,3]                    0            -0             = 

   No. Column name       Activity     Lower bound   Upper bound
------ ------------    ------------- ------------- -------------
     1 x[1,1,1,1]   *              0             0             1 
     2 x[1,2,1,1]   *              0             0             1 
     3 x[1,3,1,1]   *              0             0             1 
     4 x[1,4,1,1]   *              0             0             1 
     5 x[1,0,1,1]   *              0             0             1 
     6 x[2,1,1,1]   *              0             0             1 
     7 x[2,2,1,1]   *              0             0             1 
     8 x[2,3,1,1]   *              0             0             1 
     9 x[2,4,1,1]   *              1             0             1 
    10 x[2,0,1,1]   *              0             0             1 
    11 x[3,1,1,1]   *              0             0             1 
    12 x[3,2,1,1]   *              0             0             1 
    13 x[3,3,1,1]   *              0             0             1 
    14 x[3,4,1,1]   *              0             0             1 
    15 x[3,0,1,1]   *              0             0             1 
    16 x[4,1,1,1]   *              0             0             1 
    17 x[4,2,1,1]   *              0             0             1 
    18 x[4,3,1,1]   *              0             0             1 
    19 x[4,4,1,1]   *              0             0             1 
    20 x[4,0,1,1]   *              1             0             1 
    21 x[0,1,1,1]   *              0             0             1 
    22 x[0,2,1,1]   *              1             0             1 
    23 x[0,3,1,1]   *              0             0             1 
    24 x[0,4,1,1]   *              0             0             1 
    25 x[0,0,1,1]   *              0             0             1 
    26 x[1,1,1,2]   *              0             0             1 
    27 x[1,2,1,2]   *              0             0             1 
    28 x[1,3,1,2]   *              0             0             1 
    29 x[1,4,1,2]   *              0             0             1 
    30 x[1,0,1,2]   *              0             0             1 
    31 x[2,1,1,2]   *              0             0             1 
    32 x[2,2,1,2]   *              0             0             1 
    33 x[2,3,1,2]   *              0             0             1 
    34 x[2,4,1,2]   *              0             0             1 
    35 x[2,0,1,2]   *              0             0             1 
    36 x[3,1,1,2]   *              0             0             1 
    37 x[3,2,1,2]   *              0             0             1 
    38 x[3,3,1,2]   *              0             0             1 
    39 x[3,4,1,2]   *              0             0             1 
    40 x[3,0,1,2]   *              0             0             1 
    41 x[4,1,1,2]   *              0             0             1 
    42 x[4,2,1,2]   *              0             0             1 
    43 x[4,3,1,2]   *              0             0             1 
    44 x[4,4,1,2]   *              0             0             1 
    45 x[4,0,1,2]   *              0             0             1 
    46 x[0,1,1,2]   *              0             0             1 
    47 x[0,2,1,2]   *              0             0             1 
    48 x[0,3,1,2]   *              0             0             1 
    49 x[0,4,1,2]   *              0             0             1 
    50 x[0,0,1,2]   *              0             0             1 
    51 x[1,1,1,3]   *              0             0             1 
    52 x[1,2,1,3]   *              0             0             1 
    53 x[1,3,1,3]   *              0             0             1 
    54 x[1,4,1,3]   *              0             0             1 
    55 x[1,0,1,3]   *              1             0             1 
    56 x[2,1,1,3]   *              0             0             1 
    57 x[2,2,1,3]   *              0             0             1 
    58 x[2,3,1,3]   *              0             0             1 
    59 x[2,4,1,3]   *              1             0             1 
    60 x[2,0,1,3]   *              0             0             1 
    61 x[3,1,1,3]   *              1             0             1 
    62 x[3,2,1,3]   *              0             0             1 
    63 x[3,3,1,3]   *              0             0             1 
    64 x[3,4,1,3]   *              0             0             1 
    65 x[3,0,1,3]   *              0             0             1 
    66 x[4,1,1,3]   *              0             0             1 
    67 x[4,2,1,3]   *              0             0             1 
    68 x[4,3,1,3]   *              1             0             1 
    69 x[4,4,1,3]   *              0             0             1 
    70 x[4,0,1,3]   *              0             0             1 
    71 x[0,1,1,3]   *              0             0             1 
    72 x[0,2,1,3]   *              1             0             1 
    73 x[0,3,1,3]   *              0             0             1 
    74 x[0,4,1,3]   *              0             0             1 
    75 x[0,0,1,3]   *              0             0             1 
    76 y[1,1,1,1]                  0             0               
    77 y[1,1,1,2]                  0             0               
    78 y[1,1,1,3]                  0             0               
    79 y[1,2,1,1]                  0             0               
    80 y[1,2,1,2]                  0             0               
    81 y[1,2,1,3]                  0             0               
    82 y[1,3,1,1]                  0             0               
    83 y[1,3,1,2]                  0             0               
    84 y[1,3,1,3]                  0             0               
    85 y[1,4,1,1]                  0             0               
    86 y[1,4,1,2]                  0             0               
    87 y[1,4,1,3]                  0             0               
    88 y[1,0,1,1]                  0             0               
    89 y[1,0,1,2]                  0             0               
    90 y[1,0,1,3]                100             0               
    91 y[2,1,1,1]                  0             0               
    92 y[2,1,1,2]                  0             0               
    93 y[2,1,1,3]                  0             0               
    94 y[2,2,1,1]                  0             0               
    95 y[2,2,1,2]                  0             0               
    96 y[2,2,1,3]                  0             0               
    97 y[2,3,1,1]                  0             0               
    98 y[2,3,1,2]                  0             0               
    99 y[2,3,1,3]                  0             0               
   100 y[2,4,1,1]                  8             0               
   101 y[2,4,1,2]                  0             0               
   102 y[2,4,1,3]                 20             0               
   103 y[2,0,1,1]                  0             0               
   104 y[2,0,1,2]                  0             0               
   105 y[2,0,1,3]                  0             0               
   106 y[3,1,1,1]                  0             0               
   107 y[3,1,1,2]                  0             0               
   108 y[3,1,1,3]                 80             0               
   109 y[3,2,1,1]                  0             0               
   110 y[3,2,1,2]                  0             0               
   111 y[3,2,1,3]                  0             0               
   112 y[3,3,1,1]                  0             0               
   113 y[3,3,1,2]                  0             0               
   114 y[3,3,1,3]                  0             0               
   115 y[3,4,1,1]                  0             0               
   116 y[3,4,1,2]                  0             0               
   117 y[3,4,1,3]                  0             0               
   118 y[3,0,1,1]                  0             0               
   119 y[3,0,1,2]                  0             0               
   120 y[3,0,1,3]                  0             0               
   121 y[4,1,1,1]                  0             0               
   122 y[4,1,1,2]                  0             0               
   123 y[4,1,1,3]                  0             0               
   124 y[4,2,1,1]                  0             0               
   125 y[4,2,1,2]                  0             0               
   126 y[4,2,1,3]                  0             0               
   127 y[4,3,1,1]                  0             0               
   128 y[4,3,1,2]                  0             0               
   129 y[4,3,1,3]                 60             0               
   130 y[4,4,1,1]                  0             0               
   131 y[4,4,1,2]                  0             0               
   132 y[4,4,1,3]                  0             0               
   133 y[4,0,1,1]                 15             0               
   134 y[4,0,1,2]                  0             0               
   135 y[4,0,1,3]                  0             0               
   136 y[0,1,1,1]                  0             0               
   137 y[0,1,1,2]                  0             0               
   138 y[0,1,1,3]                  0             0               
   139 y[0,2,1,1]                  0             0               
   140 y[0,2,1,2]                  0             0               
   141 y[0,2,1,3]                  0             0               
   142 y[0,3,1,1]                  0             0               
   143 y[0,3,1,2]                  0             0               
   144 y[0,3,1,3]                  0             0               
   145 y[0,4,1,1]                  0             0               
   146 y[0,4,1,2]                  0             0               
   147 y[0,4,1,3]                  0             0               
   148 y[0,0,1,1]                  0             0               
   149 y[0,0,1,2]                  0             0               
   150 y[0,0,1,3]                  0             0               
   151 w[1,1]                      5             0               
   152 w[1,2]                     15             0               
   153 w[1,3]                     20             0               
   154 w[2,1]                      8             0               
   155 w[2,2]                     12             0               
   156 w[2,3]                     20             0               
   157 w[3,1]                      6             0               
   158 w[3,2]                     14             0               
   159 w[3,3]                     20             0               
   160 w[4,1]                      7             0               
   161 w[4,2]                     13             0               
   162 w[4,3]                     20             0               
   163 wmax[1]                    20             0               
   164 wmax[2]                    20             0               
   165 wmax[3]                    20             0               
   166 wmax[4]                    20             0               
   167 nb[1,1]      *              1             0             1 
   168 nb[1,2]      *              1             0             1 
   169 nb[1,3]      *              1             0             1 
   170 nb[1,4]      *              1             0             1 
   171 nb[2,1]      *              0             0             1 
   172 nb[2,2]      *              0             0             1 
   173 nb[2,3]      *              0             0             1 
   174 nb[2,4]      *              0             0             1 
   175 nb[1,0]      *              0             0             1 
   176 nb[2,0]      *              0             0             1 
   177 z[1,1,1,1,1]                0             0               
   178 z[1,1,2,1,1]                0             0               
   179 z[1,2,1,1,1]                0             0               
   180 z[1,2,2,1,1]                0             0               
   181 z[1,3,1,1,1]                0             0               
   182 z[1,3,2,1,1]                0             0               
   183 z[1,4,1,1,1]                0             0               
   184 z[1,4,2,1,1]                0             0               
   185 z[1,0,1,1,1]                0             0               
   186 z[1,0,2,1,1]                0             0               
   187 z[2,1,1,1,1]                0             0               
   188 z[2,1,2,1,1]                0             0               
   189 z[2,2,1,1,1]                0             0               
   190 z[2,2,2,1,1]                0             0               
   191 z[2,3,1,1,1]                0             0               
   192 z[2,3,2,1,1]                0             0               
   193 z[2,4,1,1,1]                1             0               
   194 z[2,4,2,1,1]                0             0               
   195 z[2,0,1,1,1]                0             0               
   196 z[2,0,2,1,1]                0             0               
   197 z[3,1,1,1,1]                0             0               
   198 z[3,1,2,1,1]                0             0               
   199 z[3,2,1,1,1]                0             0               
   200 z[3,2,2,1,1]                0             0               
   201 z[3,3,1,1,1]                0             0               
   202 z[3,3,2,1,1]                0             0               
   203 z[3,4,1,1,1]                0             0               
   204 z[3,4,2,1,1]                0             0               
   205 z[3,0,1,1,1]                0             0               
   206 z[3,0,2,1,1]                0             0               
   207 z[4,1,1,1,1]                0             0               
   208 z[4,1,2,1,1]                0             0               
   209 z[4,2,1,1,1]                0             0               
   210 z[4,2,2,1,1]                0             0               
   211 z[4,3,1,1,1]                0             0               
   212 z[4,3,2,1,1]                0             0               
   213 z[4,4,1,1,1]                0             0               
   214 z[4,4,2,1,1]                0             0               
   215 z[4,0,1,1,1]                0             0               
   216 z[4,0,2,1,1]                0             0               
   217 z[0,1,1,1,1]                0             0               
   218 z[0,1,2,1,1]                0             0               
   219 z[0,2,1,1,1]                1             0               
   220 z[0,2,2,1,1]                0             0               
   221 z[0,3,1,1,1]                0             0               
   222 z[0,3,2,1,1]                0             0               
   223 z[0,4,1,1,1]                0             0               
   224 z[0,4,2,1,1]                0             0               
   225 z[0,0,1,1,1]                0             0               
   226 z[0,0,2,1,1]                0             0               
   227 z[1,1,1,1,2]                0             0               
   228 z[1,1,2,1,2]                0             0               
   229 z[1,2,1,1,2]                0             0               
   230 z[1,2,2,1,2]                0             0               
   231 z[1,3,1,1,2]                0             0               
   232 z[1,3,2,1,2]                0             0               
   233 z[1,4,1,1,2]                0             0               
   234 z[1,4,2,1,2]                0             0               
   235 z[1,0,1,1,2]                0             0               
   236 z[1,0,2,1,2]                0             0               
   237 z[2,1,1,1,2]                0             0               
   238 z[2,1,2,1,2]                0             0               
   239 z[2,2,1,1,2]                0             0               
   240 z[2,2,2,1,2]                0             0               
   241 z[2,3,1,1,2]                0             0               
   242 z[2,3,2,1,2]                0             0               
   243 z[2,4,1,1,2]                0             0               
   244 z[2,4,2,1,2]                0             0               
   245 z[2,0,1,1,2]                0             0               
   246 z[2,0,2,1,2]                0             0               
   247 z[3,1,1,1,2]                0             0               
   248 z[3,1,2,1,2]                0             0               
   249 z[3,2,1,1,2]                0             0               
   250 z[3,2,2,1,2]                0             0               
   251 z[3,3,1,1,2]                0             0               
   252 z[3,3,2,1,2]                0             0               
   253 z[3,4,1,1,2]                0             0               
   254 z[3,4,2,1,2]                0             0               
   255 z[3,0,1,1,2]                0             0               
   256 z[3,0,2,1,2]                0             0               
   257 z[4,1,1,1,2]                0             0               
   258 z[4,1,2,1,2]                0             0               
   259 z[4,2,1,1,2]                0             0               
   260 z[4,2,2,1,2]                0             0               
   261 z[4,3,1,1,2]                0             0               
   262 z[4,3,2,1,2]                0             0               
   263 z[4,4,1,1,2]                0             0               
   264 z[4,4,2,1,2]                0             0               
   265 z[4,0,1,1,2]                0             0               
   266 z[4,0,2,1,2]                0             0               
   267 z[0,1,1,1,2]                0             0               
   268 z[0,1,2,1,2]                0             0               
   269 z[0,2,1,1,2]                0             0               
   270 z[0,2,2,1,2]                0             0               
   271 z[0,3,1,1,2]                0             0               
   272 z[0,3,2,1,2]                0             0               
   273 z[0,4,1,1,2]                0             0               
   274 z[0,4,2,1,2]                0             0               
   275 z[0,0,1,1,2]                0             0               
   276 z[0,0,2,1,2]                0             0               
   277 z[1,1,1,1,3]                0             0               
   278 z[1,1,2,1,3]                0             0               
   279 z[1,2,1,1,3]                0             0               
   280 z[1,2,2,1,3]                0             0               
   281 z[1,3,1,1,3]                0             0               
   282 z[1,3,2,1,3]                0             0               
   283 z[1,4,1,1,3]                0             0               
   284 z[1,4,2,1,3]                0             0               
   285 z[1,0,1,1,3]                0             0               
   286 z[1,0,2,1,3]                0             0               
   287 z[2,1,1,1,3]                0             0               
   288 z[2,1,2,1,3]                0             0               
   289 z[2,2,1,1,3]                0             0               
   290 z[2,2,2,1,3]                0             0               
   291 z[2,3,1,1,3]                0             0               
   292 z[2,3,2,1,3]                0             0               
   293 z[2,4,1,1,3]                1             0               
   294 z[2,4,2,1,3]                0             0               
   295 z[2,0,1,1,3]                0             0               
   296 z[2,0,2,1,3]                0             0               
   297 z[3,1,1,1,3]                1             0               
   298 z[3,1,2,1,3]                0             0               
   299 z[3,2,1,1,3]                0             0               
   300 z[3,2,2,1,3]                0             0               
   301 z[3,3,1,1,3]                0             0               
   302 z[3,3,2,1,3]                0             0               
   303 z[3,4,1,1,3]                0             0               
   304 z[3,4,2,1,3]                0             0               
   305 z[3,0,1,1,3]                0             0               
   306 z[3,0,2,1,3]                0             0               
   307 z[4,1,1,1,3]                0             0               
   308 z[4,1,2,1,3]                0             0               
   309 z[4,2,1,1,3]                0             0               
   310 z[4,2,2,1,3]                0             0               
   311 z[4,3,1,1,3]                1             0               
   312 z[4,3,2,1,3]                0             0               
   313 z[4,4,1,1,3]                0             0               
   314 z[4,4,2,1,3]                0             0               
   315 z[4,0,1,1,3]                0             0               
   316 z[4,0,2,1,3]                0             0               
   317 z[0,1,1,1,3]                0             0               
   318 z[0,1,2,1,3]                0             0               
   319 z[0,2,1,1,3]                1             0               
   320 z[0,2,2,1,3]                0             0               
   321 z[0,3,1,1,3]                0             0               
   322 z[0,3,2,1,3]                0             0               
   323 z[0,4,1,1,3]                0             0               
   324 z[0,4,2,1,3]                0             0               
   325 z[0,0,1,1,3]                0             0               
   326 z[0,0,2,1,3]                0             0               

Integer feasibility conditions:

KKT.PE: max.abs.err = 0.00e+00 on row 0
        max.rel.err = 0.00e+00 on row 0
        High quality

KKT.PB: max.abs.err = 2.44e-14 on row 98
        max.rel.err = 2.44e-14 on row 98
        High quality

End of output
