Problem:    trabalho
Rows:       414
Columns:    212 (56 integer, 56 binary)
Non-zeros:  1337
Status:     INTEGER OPTIMAL
Objective:  Total_Cost = 268 (MINimum)

   No.   Row name        Activity     Lower bound   Upper bound
------ ------------    ------------- ------------- -------------
     1 Total_Cost                268                             
     2 c2a[1]                      0            -0             = 
     3 c2a[2]                      0            -0             = 
     4 c2b[1]                      1             1             = 
     5 c2b[2]                      1             1             = 
     6 c2b[3]                      1             1             = 
     7 c2c[1]                      0            -0               
     8 c2c[2]                      0            -0               
     9 c2c[3]                      0            -0               
    10 c2d[1,1,1]                  0            -0             = 
    11 c2d[1,1,2]                  0            -0             = 
    12 c2d[1,1,3]                  0            -0             = 
    13 c2d[2,1,1]                  0            -0             = 
    14 c2d[2,1,2]                  0            -0             = 
    15 c2d[2,1,3]                  0            -0             = 
    16 c2d[3,1,1]                  0            -0             = 
    17 c2d[3,1,2]                  0            -0             = 
    18 c2d[3,1,3]                  0            -0             = 
    19 c2d[0,1,1]                  0            -0             = 
    20 c2d[0,1,2]                  0            -0             = 
    21 c2d[0,1,3]                  0            -0             = 
    22 c2f[1,1,1]                  0            -0             = 
    23 c2f[1,1,2]                  0            -0             = 
    24 c2f[1,1,3]                  0            -0             = 
    25 c2f[2,1,1]                  0            -0             = 
    26 c2f[2,1,2]                  0            -0             = 
    27 c2f[2,1,3]                  0            -0             = 
    28 c2f[3,1,1]                  0            -0             = 
    29 c2f[3,1,2]                  0            -0             = 
    30 c2f[3,1,3]                  0            -0             = 
    31 c2f[0,1,1]                  0            -0             = 
    32 c2f[0,1,2]                  0            -0             = 
    33 c2f[0,1,3]                  0            -0             = 
    34 c2g[1,1]                    1                           1 
    35 c2g[1,2]                    1                           1 
    36 c2g[1,3]                    0                           1 
    37 c2h[1,1]                   69                         120 
    38 c2h[1,2]                   49                         120 
    39 c2h[1,3]                    0                         120 
    40 c2i[1,1,1,1]                0                          -0 
    41 c2i[1,1,1,2]                0                          -0 
    42 c2i[1,1,1,3]                0                          -0 
    43 c2i[1,2,1,1]                0                          -0 
    44 c2i[1,2,1,2]                0                          -0 
    45 c2i[1,2,1,3]                0                          -0 
    46 c2i[1,3,1,1]                0                          -0 
    47 c2i[1,3,1,2]                0                          -0 
    48 c2i[1,3,1,3]                0                          -0 
    49 c2i[1,0,1,1]                0                          -0 
    50 c2i[1,0,1,2]                0                          -0 
    51 c2i[1,0,1,3]                0                          -0 
    52 c2i[2,1,1,1]                0                          -0 
    53 c2i[2,1,1,2]              -20                          -0 
    54 c2i[2,1,1,3]                0                          -0 
    55 c2i[2,2,1,1]                0                          -0 
    56 c2i[2,2,1,2]                0                          -0 
    57 c2i[2,2,1,3]                0                          -0 
    58 c2i[2,3,1,1]                0                          -0 
    59 c2i[2,3,1,2]                0                          -0 
    60 c2i[2,3,1,3]                0                          -0 
    61 c2i[2,0,1,1]                0                          -0 
    62 c2i[2,0,1,2]                0                          -0 
    63 c2i[2,0,1,3]                0                          -0 
    64 c2i[3,1,1,1]                0                          -0 
    65 c2i[3,1,1,2]                0                          -0 
    66 c2i[3,1,1,3]                0                          -0 
    67 c2i[3,2,1,1]              -16                          -0 
    68 c2i[3,2,1,2]                0                          -0 
    69 c2i[3,2,1,3]                0                          -0 
    70 c2i[3,3,1,1]                0                          -0 
    71 c2i[3,3,1,2]                0                          -0 
    72 c2i[3,3,1,3]                0                          -0 
    73 c2i[3,0,1,1]                0                          -0 
    74 c2i[3,0,1,2]                0                          -0 
    75 c2i[3,0,1,3]                0                          -0 
    76 c2i[0,1,1,1]                0                          -0 
    77 c2i[0,1,1,2]                0                          -0 
    78 c2i[0,1,1,3]                0                          -0 
    79 c2i[0,2,1,1]                0                          -0 
    80 c2i[0,2,1,2]             -100                          -0 
    81 c2i[0,2,1,3]                0                          -0 
    82 c2i[0,3,1,1]             -100                          -0 
    83 c2i[0,3,1,2]                0                          -0 
    84 c2i[0,3,1,3]                0                          -0 
    85 c2i[0,0,1,1]                0                          -0 
    86 c2i[0,0,1,2]                0                          -0 
    87 c2i[0,0,1,3]                0                          -0 
    88 c2j[1,1,1]                 15                         100 
    89 c2j[1,1,2]                100                         100 
    90 c2j[1,1,3]                 10                         100 
    91 c2j[2,1,1]                100                         100 
    92 c2j[2,1,2]                 40                         100 
    93 c2j[2,1,3]                  8                         100 
    94 c2j[3,1,1]                 34                         100 
    95 c2j[3,1,2]                  6                         100 
    96 c2j[3,1,3]                 12                         100 
    97 c2m[1,1]                   -5                          -0 
    98 c2m[1,2]                    0                          -0 
    99 c2m[1,3]                  -10                          -0 
   100 c2m[2,1]                   -4                          -0 
   101 c2m[2,2]                    0                          -0 
   102 c2m[2,3]                  -12                          -0 
   103 c2m[3,1]                   -2                          -0 
   104 c2m[3,2]                  -14                          -0 
   105 c2m[3,3]                   -8                          -0 
   106 waste_accum_interm[1,2]
                                   5             5               
   107 waste_accum_interm[1,3]
                                  40             5               
   108 waste_accum_interm[2,2]
                                  54             8               
   109 waste_accum_interm[2,3]
                                  38             8               
   110 waste_accum_interm[3,2]
                                  38             6               
   111 waste_accum_interm[3,3]
                                   6             6               
   112 waste_accum_first[1]
                                   5             5               
   113 waste_accum_first[2]
                                   8             8               
   114 waste_accum_first[3]
                                   6             6               
   115 waste_minimum[1,1]
                                  15             5               
   116 waste_minimum[1,2]
                                  20             5               
   117 waste_minimum[1,3]
                                  10             5               
   118 waste_minimum[2,1]
                                  16             8               
   119 waste_minimum[2,2]
                                  20             8               
   120 waste_minimum[2,3]
                                   8             8               
   121 waste_minimum[3,1]
                                  18             6               
   122 waste_minimum[3,2]
                                   6             6               
   123 waste_minimum[3,3]
                                  12             6               
   124 c4a[1,1,1,1,1]
                                  -1                          -0 
   125 c4a[1,1,1,1,2]
                                  -1                          -0 
   126 c4a[1,1,1,1,3]
                                  -1                          -0 
   127 c4a[1,1,2,1,1]
                                   0                          -0 
   128 c4a[1,1,2,1,2]
                                   0                          -0 
   129 c4a[1,1,2,1,3]
                                   0                          -0 
   130 c4a[1,2,1,1,1]
                                  -1                          -0 
   131 c4a[1,2,1,1,2]
                                  -1                          -0 
   132 c4a[1,2,1,1,3]
                                  -1                          -0 
   133 c4a[1,2,2,1,1]
                                   0                          -0 
   134 c4a[1,2,2,1,2]
                                   0                          -0 
   135 c4a[1,2,2,1,3]
                                   0                          -0 
   136 c4a[1,3,1,1,1]
                                  -1                          -0 
   137 c4a[1,3,1,1,2]
                                  -1                          -0 
   138 c4a[1,3,1,1,3]
                                  -1                          -0 
   139 c4a[1,3,2,1,1]
                                   0                          -0 
   140 c4a[1,3,2,1,2]
                                   0                          -0 
   141 c4a[1,3,2,1,3]
                                   0                          -0 
   142 c4a[1,0,1,1,1]
                                   0                          -0 
   143 c4a[1,0,1,1,2]
                                   0                          -0 
   144 c4a[1,0,1,1,3]
                                   0                          -0 
   145 c4a[1,0,2,1,1]
                                   0                          -0 
   146 c4a[1,0,2,1,2]
                                   0                          -0 
   147 c4a[1,0,2,1,3]
                                   0                          -0 
   148 c4a[2,1,1,1,1]
                                  -1                          -0 
   149 c4a[2,1,1,1,2]
                                   0                          -0 
   150 c4a[2,1,1,1,3]
                                  -1                          -0 
   151 c4a[2,1,2,1,1]
                                   0                          -0 
   152 c4a[2,1,2,1,2]
                                   0                          -0 
   153 c4a[2,1,2,1,3]
                                   0                          -0 
   154 c4a[2,2,1,1,1]
                                  -1                          -0 
   155 c4a[2,2,1,1,2]
                                  -1                          -0 
   156 c4a[2,2,1,1,3]
                                  -1                          -0 
   157 c4a[2,2,2,1,1]
                                   0                          -0 
   158 c4a[2,2,2,1,2]
                                   0                          -0 
   159 c4a[2,2,2,1,3]
                                   0                          -0 
   160 c4a[2,3,1,1,1]
                                  -1                          -0 
   161 c4a[2,3,1,1,2]
                                  -1                          -0 
   162 c4a[2,3,1,1,3]
                                  -1                          -0 
   163 c4a[2,3,2,1,1]
                                   0                          -0 
   164 c4a[2,3,2,1,2]
                                   0                          -0 
   165 c4a[2,3,2,1,3]
                                   0                          -0 
   166 c4a[2,0,1,1,1]
                                   0                          -0 
   167 c4a[2,0,1,1,2]
                                   0                          -0 
   168 c4a[2,0,1,1,3]
                                   0                          -0 
   169 c4a[2,0,2,1,1]
                                   0                          -0 
   170 c4a[2,0,2,1,2]
                                   0                          -0 
   171 c4a[2,0,2,1,3]
                                   0                          -0 
   172 c4a[3,1,1,1,1]
                                  -1                          -0 
   173 c4a[3,1,1,1,2]
                                  -1                          -0 
   174 c4a[3,1,1,1,3]
                                  -1                          -0 
   175 c4a[3,1,2,1,1]
                                   0                          -0 
   176 c4a[3,1,2,1,2]
                                   0                          -0 
   177 c4a[3,1,2,1,3]
                                   0                          -0 
   178 c4a[3,2,1,1,1]
                                   0                          -0 
   179 c4a[3,2,1,1,2]
                                  -1                          -0 
   180 c4a[3,2,1,1,3]
                                  -1                          -0 
   181 c4a[3,2,2,1,1]
                                   0                          -0 
   182 c4a[3,2,2,1,2]
                                   0                          -0 
   183 c4a[3,2,2,1,3]
                                   0                          -0 
   184 c4a[3,3,1,1,1]
                                  -1                          -0 
   185 c4a[3,3,1,1,2]
                                  -1                          -0 
   186 c4a[3,3,1,1,3]
                                  -1                          -0 
   187 c4a[3,3,2,1,1]
                                   0                          -0 
   188 c4a[3,3,2,1,2]
                                   0                          -0 
   189 c4a[3,3,2,1,3]
                                   0                          -0 
   190 c4a[3,0,1,1,1]
                                   0                          -0 
   191 c4a[3,0,1,1,2]
                                   0                          -0 
   192 c4a[3,0,1,1,3]
                                   0                          -0 
   193 c4a[3,0,2,1,1]
                                   0                          -0 
   194 c4a[3,0,2,1,2]
                                   0                          -0 
   195 c4a[3,0,2,1,3]
                                   0                          -0 
   196 c4a[0,1,1,1,1]
                                  -1                          -0 
   197 c4a[0,1,1,1,2]
                                  -1                          -0 
   198 c4a[0,1,1,1,3]
                                  -1                          -0 
   199 c4a[0,1,2,1,1]
                                   0                          -0 
   200 c4a[0,1,2,1,2]
                                   0                          -0 
   201 c4a[0,1,2,1,3]
                                   0                          -0 
   202 c4a[0,2,1,1,1]
                                  -1                          -0 
   203 c4a[0,2,1,1,2]
                                   0                          -0 
   204 c4a[0,2,1,1,3]
                                  -1                          -0 
   205 c4a[0,2,2,1,1]
                                   0                          -0 
   206 c4a[0,2,2,1,2]
                                   0                          -0 
   207 c4a[0,2,2,1,3]
                                   0                          -0 
   208 c4a[0,3,1,1,1]
                                   0                          -0 
   209 c4a[0,3,1,1,2]
                                  -1                          -0 
   210 c4a[0,3,1,1,3]
                                  -1                          -0 
   211 c4a[0,3,2,1,1]
                                   0                          -0 
   212 c4a[0,3,2,1,2]
                                   0                          -0 
   213 c4a[0,3,2,1,3]
                                   0                          -0 
   214 c4a[0,0,1,1,1]
                                   0                          -0 
   215 c4a[0,0,1,1,2]
                                   0                          -0 
   216 c4a[0,0,1,1,3]
                                   0                          -0 
   217 c4a[0,0,2,1,1]
                                   0                          -0 
   218 c4a[0,0,2,1,2]
                                   0                          -0 
   219 c4a[0,0,2,1,3]
                                   0                          -0 
   220 c4b[1,1,1,1,1]
                                   0                          -0 
   221 c4b[1,1,1,1,2]
                                   0                          -0 
   222 c4b[1,1,1,1,3]
                                   0                          -0 
   223 c4b[1,1,2,1,1]
                                   0                          -0 
   224 c4b[1,1,2,1,2]
                                   0                          -0 
   225 c4b[1,1,2,1,3]
                                   0                          -0 
   226 c4b[1,2,1,1,1]
                                   0                          -0 
   227 c4b[1,2,1,1,2]
                                   0                          -0 
   228 c4b[1,2,1,1,3]
                                   0                          -0 
   229 c4b[1,2,2,1,1]
                                   0                          -0 
   230 c4b[1,2,2,1,2]
                                   0                          -0 
   231 c4b[1,2,2,1,3]
                                   0                          -0 
   232 c4b[1,3,1,1,1]
                                   0                          -0 
   233 c4b[1,3,1,1,2]
                                   0                          -0 
   234 c4b[1,3,1,1,3]
                                   0                          -0 
   235 c4b[1,3,2,1,1]
                                   0                          -0 
   236 c4b[1,3,2,1,2]
                                   0                          -0 
   237 c4b[1,3,2,1,3]
                                   0                          -0 
   238 c4b[1,0,1,1,1]
                                   0                          -0 
   239 c4b[1,0,1,1,2]
                                  -1                          -0 
   240 c4b[1,0,1,1,3]
                                   0                          -0 
   241 c4b[1,0,2,1,1]
                                   0                          -0 
   242 c4b[1,0,2,1,2]
                                  -1                          -0 
   243 c4b[1,0,2,1,3]
                                   0                          -0 
   244 c4b[2,1,1,1,1]
                                   0                          -0 
   245 c4b[2,1,1,1,2]
                                   0                          -0 
   246 c4b[2,1,1,1,3]
                                   0                          -0 
   247 c4b[2,1,2,1,1]
                                   0                          -0 
   248 c4b[2,1,2,1,2]
                                  -1                          -0 
   249 c4b[2,1,2,1,3]
                                   0                          -0 
   250 c4b[2,2,1,1,1]
                                   0                          -0 
   251 c4b[2,2,1,1,2]
                                   0                          -0 
   252 c4b[2,2,1,1,3]
                                   0                          -0 
   253 c4b[2,2,2,1,1]
                                   0                          -0 
   254 c4b[2,2,2,1,2]
                                   0                          -0 
   255 c4b[2,2,2,1,3]
                                   0                          -0 
   256 c4b[2,3,1,1,1]
                                   0                          -0 
   257 c4b[2,3,1,1,2]
                                   0                          -0 
   258 c4b[2,3,1,1,3]
                                   0                          -0 
   259 c4b[2,3,2,1,1]
                                   0                          -0 
   260 c4b[2,3,2,1,2]
                                   0                          -0 
   261 c4b[2,3,2,1,3]
                                   0                          -0 
   262 c4b[2,0,1,1,1]
                                  -1                          -0 
   263 c4b[2,0,1,1,2]
                                   0                          -0 
   264 c4b[2,0,1,1,3]
                                   0                          -0 
   265 c4b[2,0,2,1,1]
                                  -1                          -0 
   266 c4b[2,0,2,1,2]
                                   0                          -0 
   267 c4b[2,0,2,1,3]
                                   0                          -0 
   268 c4b[3,1,1,1,1]
                                   0                          -0 
   269 c4b[3,1,1,1,2]
                                   0                          -0 
   270 c4b[3,1,1,1,3]
                                   0                          -0 
   271 c4b[3,1,2,1,1]
                                   0                          -0 
   272 c4b[3,1,2,1,2]
                                   0                          -0 
   273 c4b[3,1,2,1,3]
                                   0                          -0 
   274 c4b[3,2,1,1,1]
                                   0                          -0 
   275 c4b[3,2,1,1,2]
                                   0                          -0 
   276 c4b[3,2,1,1,3]
                                   0                          -0 
   277 c4b[3,2,2,1,1]
                                  -1                          -0 
   278 c4b[3,2,2,1,2]
                                   0                          -0 
   279 c4b[3,2,2,1,3]
                                   0                          -0 
   280 c4b[3,3,1,1,1]
                                   0                          -0 
   281 c4b[3,3,1,1,2]
                                   0                          -0 
   282 c4b[3,3,1,1,3]
                                   0                          -0 
   283 c4b[3,3,2,1,1]
                                   0                          -0 
   284 c4b[3,3,2,1,2]
                                   0                          -0 
   285 c4b[3,3,2,1,3]
                                   0                          -0 
   286 c4b[3,0,1,1,1]
                                   0                          -0 
   287 c4b[3,0,1,1,2]
                                   0                          -0 
   288 c4b[3,0,1,1,3]
                                   0                          -0 
   289 c4b[3,0,2,1,1]
                                   0                          -0 
   290 c4b[3,0,2,1,2]
                                   0                          -0 
   291 c4b[3,0,2,1,3]
                                   0                          -0 
   292 c4b[0,1,1,1,1]
                                   0                          -0 
   293 c4b[0,1,1,1,2]
                                   0                          -0 
   294 c4b[0,1,1,1,3]
                                   0                          -0 
   295 c4b[0,1,2,1,1]
                                   0                          -0 
   296 c4b[0,1,2,1,2]
                                   0                          -0 
   297 c4b[0,1,2,1,3]
                                   0                          -0 
   298 c4b[0,2,1,1,1]
                                   0                          -0 
   299 c4b[0,2,1,1,2]
                                   0                          -0 
   300 c4b[0,2,1,1,3]
                                   0                          -0 
   301 c4b[0,2,2,1,1]
                                   0                          -0 
   302 c4b[0,2,2,1,2]
                                  -1                          -0 
   303 c4b[0,2,2,1,3]
                                   0                          -0 
   304 c4b[0,3,1,1,1]
                                   0                          -0 
   305 c4b[0,3,1,1,2]
                                   0                          -0 
   306 c4b[0,3,1,1,3]
                                   0                          -0 
   307 c4b[0,3,2,1,1]
                                  -1                          -0 
   308 c4b[0,3,2,1,2]
                                   0                          -0 
   309 c4b[0,3,2,1,3]
                                   0                          -0 
   310 c4b[0,0,1,1,1]
                                   0                          -0 
   311 c4b[0,0,1,1,2]
                                   0                          -0 
   312 c4b[0,0,1,1,3]
                                   0                          -0 
   313 c4b[0,0,2,1,1]
                                   0                          -0 
   314 c4b[0,0,2,1,2]
                                   0                          -0 
   315 c4b[0,0,2,1,3]
                                   0                          -0 
   316 c4c[1,1,1,1,1]
                                  -1            -1               
   317 c4c[1,1,1,1,2]
                                  -1            -1               
   318 c4c[1,1,1,1,3]
                                  -1            -1               
   319 c4c[1,1,2,1,1]
                                   0            -1               
   320 c4c[1,1,2,1,2]
                                   0            -1               
   321 c4c[1,1,2,1,3]
                                   0            -1               
   322 c4c[1,2,1,1,1]
                                  -1            -1               
   323 c4c[1,2,1,1,2]
                                  -1            -1               
   324 c4c[1,2,1,1,3]
                                  -1            -1               
   325 c4c[1,2,2,1,1]
                                   0            -1               
   326 c4c[1,2,2,1,2]
                                   0            -1               
   327 c4c[1,2,2,1,3]
                                   0            -1               
   328 c4c[1,3,1,1,1]
                                  -1            -1               
   329 c4c[1,3,1,1,2]
                                  -1            -1               
   330 c4c[1,3,1,1,3]
                                  -1            -1               
   331 c4c[1,3,2,1,1]
                                   0            -1               
   332 c4c[1,3,2,1,2]
                                   0            -1               
   333 c4c[1,3,2,1,3]
                                   0            -1               
   334 c4c[1,0,1,1,1]
                                   0            -1               
   335 c4c[1,0,1,1,2]
                                  -1            -1               
   336 c4c[1,0,1,1,3]
                                   0            -1               
   337 c4c[1,0,2,1,1]
                                   0            -1               
   338 c4c[1,0,2,1,2]
                                  -1            -1               
   339 c4c[1,0,2,1,3]
                                   0            -1               
   340 c4c[2,1,1,1,1]
                                  -1            -1               
   341 c4c[2,1,1,1,2]
                                  -1            -1               
   342 c4c[2,1,1,1,3]
                                  -1            -1               
   343 c4c[2,1,2,1,1]
                                   0            -1               
   344 c4c[2,1,2,1,2]
                                  -1            -1               
   345 c4c[2,1,2,1,3]
                                   0            -1               
   346 c4c[2,2,1,1,1]
                                  -1            -1               
   347 c4c[2,2,1,1,2]
                                  -1            -1               
   348 c4c[2,2,1,1,3]
                                  -1            -1               
   349 c4c[2,2,2,1,1]
                                   0            -1               
   350 c4c[2,2,2,1,2]
                                   0            -1               
   351 c4c[2,2,2,1,3]
                                   0            -1               
   352 c4c[2,3,1,1,1]
                                  -1            -1               
   353 c4c[2,3,1,1,2]
                                  -1            -1               
   354 c4c[2,3,1,1,3]
                                  -1            -1               
   355 c4c[2,3,2,1,1]
                                   0            -1               
   356 c4c[2,3,2,1,2]
                                   0            -1               
   357 c4c[2,3,2,1,3]
                                   0            -1               
   358 c4c[2,0,1,1,1]
                                  -1            -1               
   359 c4c[2,0,1,1,2]
                                   0            -1               
   360 c4c[2,0,1,1,3]
                                   0            -1               
   361 c4c[2,0,2,1,1]
                                  -1            -1               
   362 c4c[2,0,2,1,2]
                                   0            -1               
   363 c4c[2,0,2,1,3]
                                   0            -1               
   364 c4c[3,1,1,1,1]
                                  -1            -1               
   365 c4c[3,1,1,1,2]
                                  -1            -1               
   366 c4c[3,1,1,1,3]
                                  -1            -1               
   367 c4c[3,1,2,1,1]
                                   0            -1               
   368 c4c[3,1,2,1,2]
                                   0            -1               
   369 c4c[3,1,2,1,3]
                                   0            -1               
   370 c4c[3,2,1,1,1]
                                  -1            -1               
   371 c4c[3,2,1,1,2]
                                  -1            -1               
   372 c4c[3,2,1,1,3]
                                  -1            -1               
   373 c4c[3,2,2,1,1]
                                  -1            -1               
   374 c4c[3,2,2,1,2]
                                   0            -1               
   375 c4c[3,2,2,1,3]
                                   0            -1               
   376 c4c[3,3,1,1,1]
                                  -1            -1               
   377 c4c[3,3,1,1,2]
                                  -1            -1               
   378 c4c[3,3,1,1,3]
                                  -1            -1               
   379 c4c[3,3,2,1,1]
                                   0            -1               
   380 c4c[3,3,2,1,2]
                                   0            -1               
   381 c4c[3,3,2,1,3]
                                   0            -1               
   382 c4c[3,0,1,1,1]
                                   0            -1               
   383 c4c[3,0,1,1,2]
                                   0            -1               
   384 c4c[3,0,1,1,3]
                                   0            -1               
   385 c4c[3,0,2,1,1]
                                   0            -1               
   386 c4c[3,0,2,1,2]
                                   0            -1               
   387 c4c[3,0,2,1,3]
                                   0            -1               
   388 c4c[0,1,1,1,1]
                                  -1            -1               
   389 c4c[0,1,1,1,2]
                                  -1            -1               
   390 c4c[0,1,1,1,3]
                                  -1            -1               
   391 c4c[0,1,2,1,1]
                                   0            -1               
   392 c4c[0,1,2,1,2]
                                   0            -1               
   393 c4c[0,1,2,1,3]
                                   0            -1               
   394 c4c[0,2,1,1,1]
                                  -1            -1               
   395 c4c[0,2,1,1,2]
                                  -1            -1               
   396 c4c[0,2,1,1,3]
                                  -1            -1               
   397 c4c[0,2,2,1,1]
                                   0            -1               
   398 c4c[0,2,2,1,2]
                                  -1            -1               
   399 c4c[0,2,2,1,3]
                                   0            -1               
   400 c4c[0,3,1,1,1]
                                  -1            -1               
   401 c4c[0,3,1,1,2]
                                  -1            -1               
   402 c4c[0,3,1,1,3]
                                  -1            -1               
   403 c4c[0,3,2,1,1]
                                  -1            -1               
   404 c4c[0,3,2,1,2]
                                   0            -1               
   405 c4c[0,3,2,1,3]
                                   0            -1               
   406 c4c[0,0,1,1,1]
                                   0            -1               
   407 c4c[0,0,1,1,2]
                                   0            -1               
   408 c4c[0,0,1,1,3]
                                   0            -1               
   409 c4c[0,0,2,1,1]
                                   0            -1               
   410 c4c[0,0,2,1,2]
                                   0            -1               
   411 c4c[0,0,2,1,3]
                                   0            -1               
   412 c6b[1,1]                    0            -0             = 
   413 c6b[1,2]                    0            -0             = 
   414 c6b[1,3]                    0            -0             = 

   No. Column name       Activity     Lower bound   Upper bound
------ ------------    ------------- ------------- -------------
     1 x[1,1,1,1]   *              0             0             1 
     2 x[1,2,1,1]   *              0             0             1 
     3 x[1,3,1,1]   *              0             0             1 
     4 x[1,0,1,1]   *              0             0             1 
     5 x[2,1,1,1]   *              0             0             1 
     6 x[2,2,1,1]   *              0             0             1 
     7 x[2,3,1,1]   *              0             0             1 
     8 x[2,0,1,1]   *              1             0             1 
     9 x[3,1,1,1]   *              0             0             1 
    10 x[3,2,1,1]   *              1             0             1 
    11 x[3,3,1,1]   *              0             0             1 
    12 x[3,0,1,1]   *              0             0             1 
    13 x[0,1,1,1]   *              0             0             1 
    14 x[0,2,1,1]   *              0             0             1 
    15 x[0,3,1,1]   *              1             0             1 
    16 x[0,0,1,1]   *              0             0             1 
    17 x[1,1,1,2]   *              0             0             1 
    18 x[1,2,1,2]   *              0             0             1 
    19 x[1,3,1,2]   *              0             0             1 
    20 x[1,0,1,2]   *              1             0             1 
    21 x[2,1,1,2]   *              1             0             1 
    22 x[2,2,1,2]   *              0             0             1 
    23 x[2,3,1,2]   *              0             0             1 
    24 x[2,0,1,2]   *              0             0             1 
    25 x[3,1,1,2]   *              0             0             1 
    26 x[3,2,1,2]   *              0             0             1 
    27 x[3,3,1,2]   *              0             0             1 
    28 x[3,0,1,2]   *              0             0             1 
    29 x[0,1,1,2]   *              0             0             1 
    30 x[0,2,1,2]   *              1             0             1 
    31 x[0,3,1,2]   *              0             0             1 
    32 x[0,0,1,2]   *              0             0             1 
    33 x[1,1,1,3]   *              0             0             1 
    34 x[1,2,1,3]   *              0             0             1 
    35 x[1,3,1,3]   *              0             0             1 
    36 x[1,0,1,3]   *              0             0             1 
    37 x[2,1,1,3]   *              0             0             1 
    38 x[2,2,1,3]   *              0             0             1 
    39 x[2,3,1,3]   *              0             0             1 
    40 x[2,0,1,3]   *              0             0             1 
    41 x[3,1,1,3]   *              0             0             1 
    42 x[3,2,1,3]   *              0             0             1 
    43 x[3,3,1,3]   *              0             0             1 
    44 x[3,0,1,3]   *              0             0             1 
    45 x[0,1,1,3]   *              0             0             1 
    46 x[0,2,1,3]   *              0             0             1 
    47 x[0,3,1,3]   *              0             0             1 
    48 x[0,0,1,3]   *              0             0             1 
    49 y[1,1,1,1]                  0             0               
    50 y[1,1,1,2]                  0             0               
    51 y[1,1,1,3]                  0             0               
    52 y[1,2,1,1]                  0             0               
    53 y[1,2,1,2]                  0             0               
    54 y[1,2,1,3]                  0             0               
    55 y[1,3,1,1]                  0             0               
    56 y[1,3,1,2]                  0             0               
    57 y[1,3,1,3]                  0             0               
    58 y[1,0,1,1]                  0             0               
    59 y[1,0,1,2]                100             0               
    60 y[1,0,1,3]                  0             0               
    61 y[2,1,1,1]                  0             0               
    62 y[2,1,1,2]                 80             0               
    63 y[2,1,1,3]                  0             0               
    64 y[2,2,1,1]                  0             0               
    65 y[2,2,1,2]                  0             0               
    66 y[2,2,1,3]                  0             0               
    67 y[2,3,1,1]                  0             0               
    68 y[2,3,1,2]                  0             0               
    69 y[2,3,1,3]                  0             0               
    70 y[2,0,1,1]                100             0               
    71 y[2,0,1,2]                  0             0               
    72 y[2,0,1,3]                  0             0               
    73 y[3,1,1,1]                  0             0               
    74 y[3,1,1,2]                  0             0               
    75 y[3,1,1,3]                  0             0               
    76 y[3,2,1,1]                 84             0               
    77 y[3,2,1,2]                  0             0               
    78 y[3,2,1,3]                  0             0               
    79 y[3,3,1,1]                  0             0               
    80 y[3,3,1,2]                  0             0               
    81 y[3,3,1,3]                  0             0               
    82 y[3,0,1,1]                  0             0               
    83 y[3,0,1,2]                  0             0               
    84 y[3,0,1,3]                  0             0               
    85 y[0,1,1,1]                  0             0               
    86 y[0,1,1,2]                  0             0               
    87 y[0,1,1,3]                  0             0               
    88 y[0,2,1,1]                  0             0               
    89 y[0,2,1,2]                  0             0               
    90 y[0,2,1,3]                  0             0               
    91 y[0,3,1,1]                  0             0               
    92 y[0,3,1,2]                  0             0               
    93 y[0,3,1,3]                  0             0               
    94 y[0,0,1,1]                  0             0               
    95 y[0,0,1,2]                  0             0               
    96 y[0,0,1,3]                  0             0               
    97 w[1,1]                     15             0               
    98 w[1,2]                     20             0               
    99 w[1,3]                     10             0               
   100 w[2,1]                     16             0               
   101 w[2,2]                     20             0               
   102 w[2,3]                      8             0               
   103 w[3,1]                     18             0               
   104 w[3,2]                      6             0               
   105 w[3,3]                     12             0               
   106 wmax[1]                    20             0               
   107 wmax[2]                    20             0               
   108 wmax[3]                    20             0               
   109 nb[1,1]      *              1             0             1 
   110 nb[1,2]      *              1             0             1 
   111 nb[1,3]      *              1             0             1 
   112 nb[2,1]      *              0             0             1 
   113 nb[2,2]      *              0             0             1 
   114 nb[2,3]      *              0             0             1 
   115 nb[1,0]      *              0             0             1 
   116 nb[2,0]      *              0             0             1 
   117 z[1,1,1,1,1]                0             0               
   118 z[1,1,2,1,1]                0             0               
   119 z[1,2,1,1,1]                0             0               
   120 z[1,2,2,1,1]                0             0               
   121 z[1,3,1,1,1]                0             0               
   122 z[1,3,2,1,1]                0             0               
   123 z[1,0,1,1,1]                0             0               
   124 z[1,0,2,1,1]                0             0               
   125 z[2,1,1,1,1]                0             0               
   126 z[2,1,2,1,1]                0             0               
   127 z[2,2,1,1,1]                0             0               
   128 z[2,2,2,1,1]                0             0               
   129 z[2,3,1,1,1]                0             0               
   130 z[2,3,2,1,1]                0             0               
   131 z[2,0,1,1,1]                0             0               
   132 z[2,0,2,1,1]                0             0               
   133 z[3,1,1,1,1]                0             0               
   134 z[3,1,2,1,1]                0             0               
   135 z[3,2,1,1,1]                1             0               
   136 z[3,2,2,1,1]                0             0               
   137 z[3,3,1,1,1]                0             0               
   138 z[3,3,2,1,1]                0             0               
   139 z[3,0,1,1,1]                0             0               
   140 z[3,0,2,1,1]                0             0               
   141 z[0,1,1,1,1]                0             0               
   142 z[0,1,2,1,1]                0             0               
   143 z[0,2,1,1,1]                0             0               
   144 z[0,2,2,1,1]                0             0               
   145 z[0,3,1,1,1]                1             0               
   146 z[0,3,2,1,1]                0             0               
   147 z[0,0,1,1,1]                0             0               
   148 z[0,0,2,1,1]                0             0               
   149 z[1,1,1,1,2]                0             0               
   150 z[1,1,2,1,2]                0             0               
   151 z[1,2,1,1,2]                0             0               
   152 z[1,2,2,1,2]                0             0               
   153 z[1,3,1,1,2]                0             0               
   154 z[1,3,2,1,2]                0             0               
   155 z[1,0,1,1,2]                0             0               
   156 z[1,0,2,1,2]                0             0               
   157 z[2,1,1,1,2]                1             0               
   158 z[2,1,2,1,2]                0             0               
   159 z[2,2,1,1,2]                0             0               
   160 z[2,2,2,1,2]                0             0               
   161 z[2,3,1,1,2]                0             0               
   162 z[2,3,2,1,2]                0             0               
   163 z[2,0,1,1,2]                0             0               
   164 z[2,0,2,1,2]                0             0               
   165 z[3,1,1,1,2]                0             0               
   166 z[3,1,2,1,2]                0             0               
   167 z[3,2,1,1,2]                0             0               
   168 z[3,2,2,1,2]                0             0               
   169 z[3,3,1,1,2]                0             0               
   170 z[3,3,2,1,2]                0             0               
   171 z[3,0,1,1,2]                0             0               
   172 z[3,0,2,1,2]                0             0               
   173 z[0,1,1,1,2]                0             0               
   174 z[0,1,2,1,2]                0             0               
   175 z[0,2,1,1,2]                1             0               
   176 z[0,2,2,1,2]                0             0               
   177 z[0,3,1,1,2]                0             0               
   178 z[0,3,2,1,2]                0             0               
   179 z[0,0,1,1,2]                0             0               
   180 z[0,0,2,1,2]                0             0               
   181 z[1,1,1,1,3]                0             0               
   182 z[1,1,2,1,3]                0             0               
   183 z[1,2,1,1,3]                0             0               
   184 z[1,2,2,1,3]                0             0               
   185 z[1,3,1,1,3]                0             0               
   186 z[1,3,2,1,3]                0             0               
   187 z[1,0,1,1,3]                0             0               
   188 z[1,0,2,1,3]                0             0               
   189 z[2,1,1,1,3]                0             0               
   190 z[2,1,2,1,3]                0             0               
   191 z[2,2,1,1,3]                0             0               
   192 z[2,2,2,1,3]                0             0               
   193 z[2,3,1,1,3]                0             0               
   194 z[2,3,2,1,3]                0             0               
   195 z[2,0,1,1,3]                0             0               
   196 z[2,0,2,1,3]                0             0               
   197 z[3,1,1,1,3]                0             0               
   198 z[3,1,2,1,3]                0             0               
   199 z[3,2,1,1,3]                0             0               
   200 z[3,2,2,1,3]                0             0               
   201 z[3,3,1,1,3]                0             0               
   202 z[3,3,2,1,3]                0             0               
   203 z[3,0,1,1,3]                0             0               
   204 z[3,0,2,1,3]                0             0               
   205 z[0,1,1,1,3]                0             0               
   206 z[0,1,2,1,3]                0             0               
   207 z[0,2,1,1,3]                0             0               
   208 z[0,2,2,1,3]                0             0               
   209 z[0,3,1,1,3]                0             0               
   210 z[0,3,2,1,3]                0             0               
   211 z[0,0,1,1,3]                0             0               
   212 z[0,0,2,1,3]                0             0               

Integer feasibility conditions:

KKT.PE: max.abs.err = 1.42e-14 on row 92
        max.rel.err = 6.29e-17 on row 110
        High quality

KKT.PB: max.abs.err = 4.55e-13 on row 61
        max.rel.err = 4.55e-13 on row 61
        High quality

End of output
